This is pdfTeX, Version 3.141592653-2.6-1.40.24 (MiKTeX 22.12) (preloaded format=latex 2023.1.24)  24 JAN 2023 15:38
entering extended mode
 restricted \write18 enabled.
 %&-line parsing enabled.
**./aleph-comandos-beta.ins
(aleph-comandos-beta.ins
LaTeX2e <2022-11-01> patch level 1
L3 programming layer <2023-01-16>
(C:\Program Files\MiKTeX\tex/latex/base\docstrip.tex
\blockLevel=\count185
\emptyLines=\count186
\processedLines=\count187
\commentsRemoved=\count188
\commentsPassed=\count189
\codeLinesPassed=\count190
\TotalprocessedLines=\count191
\TotalcommentsRemoved=\count192
\TotalcommentsPassed=\count193
\TotalcodeLinesPassed=\count194
\NumberOfFiles=\count195
\inFile=\read2
\inputcheck=\read3
\off@0=\count196
\off@1=\count197
\off@2=\count198
\off@3=\count199
\off@4=\count266
\off@5=\count267
\off@6=\count268
\off@7=\count269
\off@8=\count270
\off@9=\count271
\off@10=\count272
\off@11=\count273
\off@12=\count274
\off@13=\count275
\off@14=\count276
\off@15=\count277
\@maxfiles=\count278
\@maxoutfiles=\count279

Utility: `docstrip' v2.6b <2022-09-03>
English documentation    <2022-09-03>

**********************************************************
* This program converts documented macro-files into fast *
* loadable files by stripping off (nearly) all comments! *
**********************************************************

********************************************************
* No Configuration file found, using default settings. *
********************************************************

)
File ./aleph-comandos-beta.sty already exists on the system.
Overwrite it? [y/n]
\answer=y

Generating file(s) ./aleph-comandos-beta.sty 
\openout0 = `./aleph-comandos-beta.sty'.


Processing file aleph-comandos-beta.dtx (aleph-comandos-beta) -> aleph-comandos
-beta.sty
File aleph-comandos-beta.dtx ended by \endinput.
Lines  processed: 507
Comments removed: 231
Comments  passed: 128
Codelines passed: 148

*************************************************************
* *
* To finish the installation you have to move the following *
* file into a directory searched by TeX: *
* *
* aleph-comandos-beta.sty *
* *
* To produce the documentation run the file aleph-comandos-beta.dtx *
* through LaTeX. *
* *
* Happy TeXing! *
* *
*************************************************************
 ) 
Here is how much of TeX's memory you used:
 321 strings out of 476405
 3714 string characters out of 2799365
 1849321 words of memory out of 3000000
 20777 multiletter control sequences out of 15000+600000
 512287 words of font info for 32 fonts, out of 8000000 for 9000
 1141 hyphenation exceptions out of 8191
 13i,0n,15p,207b,98s stack positions out of 10000i,1000n,20000p,200000b,80000s

No pages of output.
